1712113449663	geckodriver	INFO	Listening on 127.0.0.1:54423
1712113449717	mozrunner::runner	INFO	Running command: MOZ_CRASHREPORTER="1" MOZ_CRASHREPORTER_NO_REPORT="1" MOZ_CRASHREPORTER_SHUTDOWN="1" MOZ_NO_REMOTE="1" "/usr ... te" "--remote-debugging-port" "42903" "--remote-allow-hosts" "localhost" "-no-remote" "-profile" "/tmp/rust_mozprofileHWu9dB"
console.warn: services.settings: Ignoring preference override of remote settings server
console.warn: services.settings: Allow by setting MOZ_REMOTE_SETTINGS_DEVTOOLS=1 in the environment
1712113450601	Marionette	INFO	Marionette enabled
1712113450798	Marionette	INFO	Listening on port 40737
Read port: 40737
WebDriver BiDi listening on ws://127.0.0.1:42903
1712113450925	RemoteAgent	WARN	TLS certificate errors will be ignored for this session
console.error: ({})
DevTools listening on ws://127.0.0.1:42903/devtools/browser/bf543675-4fb7-46c1-a301-e16b508f7bac
JavaScript warning: https://www.google.com/xjs/_/js/k=xjs.hd.en.zM-4b18KEZg.O/am=AAAAAAAAAAAAAAAAAAAAAAAAAAAAAAAgAAAAAEACKAAAoAAAAAIAAAAAgSEACAAEYBEAEgEBggCAAQAEAXgoEwAImAAAAEAAgBCAIAAABAAAAAUAAAAAAAAAAIABAgQAAAAAAAAAAAAAHQAAAgAAGIwgAAABAAAAyAMQHIBBCgIAAAAAAAAAAAAAAUwQzAUJCAiAAAAAAAAAAAAAAABSaaLCEA/d=1/ed=1/dg=2/rs=ACT90oGDagpf9EytGxhV0yU0_bkA52JelA/ee=ALeJib:B8gLwd;AfeaP:TkrAjf;Afksuc:wMx0R;BMxAGc:E5bFse;BgS6mb:fidj5d;BjwMce:cXX2Wb;CxXAWb:YyRLvc;DM55c:imLrKe;DULqB:RKfG5c;Dkk6ge:wJqrrd;DpcR3d:zL72xf;EABSZ:MXZt9d;ESrPQc:mNTJvc;EVNhjf:pw70Gc;EmZ2Bf:zr1jrb;EnlcNd:WeHg4;Erl4fe:FloWmf,FloWmf;F9mqte:UoRcbe;Fmv9Nc:O1Tzwc;G0KhTb:LIaoZ;G6wU6e:hezEbd;GleZL:J1A7Od;HMDDWe:G8QUdb;HqeXPd:cmbnH;IBADCc:RYquRb;IoGlCf:b5lhvb;IsdWVc:qzxzOb;JXS8fb:Qj0suc;JbMT3:M25sS;JsbNhc:Xd8iUd;KOxcK:OZqGte;KQzWid:ZMKkN;KcokUb:KiuZBf;KeeMUb:HiPxjc;KpRAue:Tia57b;LBgRLc:XVMNvd;LEikZe:byfTOb,lsjVmc;LsNahb:ucGLNb;Me32dd:MEeYgc;NPKaK:PVlQOd;NSEoX:lazG7b;Np8Qkd:Dpx6qc;Nyt6ic:jn2sGd;OgagBe:cNTe0;Oj465e:KG2eXe,KG2eXe;OohIYe:mpEAQb;Pjplud:EEDORb,PoEs9b;Q1Ow7b:x5CSu;QGR0gd:Mlhmy;R4IIIb:QWfeKf;R9Ulx:CR7Ufe;RDNBlf:zPRCJb;SLtqO:Kh1xYe;SMDL4c:fTfGO,fTfGO;SNUn3:ZwDk9d,x8cHvb;ShpF6e:N0pvGc;TxfV6d:YORN0b;U96pRd:FsR04;UDrY1c:eps46d;UVmjEd:EesRsb;UyG7Kb:wQd0G;V2HTTe:RolTY;VGRfx:VFqbr;VN6jIc:ddQyuf;VOcgDe:YquhTb;VsAqSb:PGf2Re;VxQ32b:k0XsBb;WCEKNd:I46Hvd;WDGyFe:jcVOxd;Wfmdue:g3MJlb;XUezZ:sa7lqb;YV5bee:IvPZ6d;YkQtAf:rx8ur;ZMvdv:PHFPjb;ZWEUA:afR4Cf;a56pNe:JEfCwb;aAJE9c:WHW6Ef;aZ61od:arTwJ;bFZ6gf:RsDQqe;bcPXSc:gSZLJb;cEt90b:ws9Tlc;cFTWae:gT8qnd;coJ8e:KvoW8;dIoSBb:ZgGg9b;dLlj2:Qqt3Gf;daB6be:lMxGPd;dtl0hd:lLQWFe;eBAeSb:Ck63tb;eBZ5Nd:audvde;eHDfl:ofjVkb;eO3lse:nFClrf;fWLTFc:TVBJbf;g8nkx:U4MzKc;gaub4:TN6bMe;gtVSi:ekUOYd;h3MYod:cEt90b;hK67qb:QWEO5b;heHB1:sFczq;hjRo6e:F62sG;hsLsYc:Vl118;iFQyKf:QIhFr,vfuNJf;imqimf:jKGL2e;io8t5d:sgY6Zb;jY0zg:Q6tNgc;k2Qxcb:XY51pe;kCQyJ:ueyPK;kMFpHd:OTA3Ae;kbAm9d:MkHyGd;lkq0A:JyBE3e;nAFL3:NTMZac,s39S4;oGtAuc:sOXFj;oSUNyd:fTfGO,fTfGO;oUlnpc:RagDlc;okUaUd:wItadb;p2tIDb:tp1Cx;pKJiXd:VCenhc;pNsl2d:j9Yuyc;pXdRYb:JKoKVe;pj82le:mg5CW;qZx2Fc:j0xrE;qaS3gd:yiLg6e;qavrXe:zQzcXe;qddgKe:d7YSfd,x4FYXe;rQSrae:C6D5Fc;sP4Vbe:VwDzFe;sTsDMc:kHVSUb;tH4IIe:Ymry6;tosKvd:ZCqP3;trZL0b:qY8PFe;uY49fb:COQbmf;uuQkY:u2V3ud;vGrMZ:lPJJ0c;vfVwPd:lcrkwe;w3bZCb:ZPGaIb;w4rSdf:XKiZ9;w9w86d:dt4g2b;wQlYve:aLUfP;wR5FRb:TtcOte;wV5Pjc:L8KGxe;whEZac:F4AmNb;xBbsrc:NEW1Qc;yGxLoc:FmAr0c;yxTchf:KUM7Z;z97YGf:oug9te;zOsCQe:Ko78Df;zaIgPb:Qtpxbd/m=cdos,hsm,jsa,mb4ZUb,d,csi,cEt90b,SNUn3,qddgKe,sTsDMc,dtl0hd,eHDfl, line 408: Script terminated by timeout at:
_.bl@https://www.google.com/xjs/_/js/k=xjs.hd.en.zM-4b18KEZg.O/am=AAAAAAAAAAAAAAAAAAAAAAAAAAAAAAAgAAAAAEACKAAAoAAAAAIAAAAAgSEACAAEYBEAEgEBggCAAQAEAXgoEwAImAAAAEAAgBCAIAAABAAAAAUAAAAAAAAAAIABAgQAAAAAAAAAAAAAHQAAAgAAGIwgAAABAAAAyAMQHIBBCgIAAAAAAAAAAAAAAUwQzAUJCAiAAAAAAAAAAAAAAABSaaLCEA/d=1/ed=1/dg=2/rs=ACT90oGDagpf9EytGxhV0yU0_bkA52JelA/ee=ALeJib:B8gLwd;AfeaP:TkrAjf;Afksuc:wMx0R;BMxAGc:E5bFse;BgS6mb:fidj5d;BjwMce:cXX2Wb;CxXAWb:YyRLvc;DM55c:imLrKe;DULqB:RKfG5c;Dkk6ge:wJqrrd;DpcR3d:zL72xf;EABSZ:MXZt9d;ESrPQc:mNTJvc;EVNhjf:pw70Gc;EmZ2Bf:zr1jrb;EnlcNd:WeHg4;Erl4fe:FloWmf,FloWmf;F9mqte:UoRcbe;Fmv9Nc:O1Tzwc;G0KhTb:LIaoZ;G6wU6e:hezEbd;GleZL:J1A7Od;HMDDWe:G8QUdb;HqeXPd:cmbnH;IBADCc:RYquRb;IoGlCf:b5lhvb;IsdWVc:qzxzOb;JXS8fb:Qj0suc;JbMT3:M25sS;JsbNhc:Xd8iUd;KOxcK:OZqGte;KQzWid:ZMKkN;KcokUb:KiuZBf;KeeMUb:HiPxjc;KpRAue:Tia57b;LBgRLc:XVMNvd;LEikZe:byfTOb,lsjVmc;LsNahb:ucGLNb;Me32dd:MEeYgc;NPKaK:PVlQOd;NSEoX:lazG7b;Np8Qkd:Dpx6qc;Nyt6ic:jn2sGd;OgagBe:cNTe0;Oj465e:KG2eXe,KG2eXe;OohIYe:mpEAQb;Pjplud:EEDORb,PoEs9b;Q1Ow7b:x5CSu;QGR0gd:Mlhmy;R4IIIb:QWfeKf;R9Ulx:CR7Ufe;RDNBlf:zPRCJb;SLtqO:Kh1xYe;SMDL4c:fTfGO,fTfGO;SNUn3:ZwDk9d,x8cHvb;ShpF6e:N0pvGc;TxfV6d:YORN0b;U96pRd:FsR04;UDrY1c:eps46d;UVmjEd:EesRsb;UyG7Kb:wQd0G;V2HTTe:RolTY;VGRfx:VFqbr;VN6jIc:ddQyuf;VOcgDe:YquhTb;VsAqSb:PGf2Re;VxQ32b:k0XsBb;WCEKNd:I46Hvd;WDGyFe:jcVOxd;Wfmdue:g3MJlb;XUezZ:sa7lqb;YV5bee:IvPZ6d;YkQtAf:rx8ur;ZMvdv:PHFPjb;ZWEUA:afR4Cf;a56pNe:JEfCwb;aAJE9c:WHW6Ef;aZ61od:arTwJ;bFZ6gf:RsDQqe;bcPXSc:gSZLJb;cEt90b:ws9Tlc;cFTWae:gT8qnd;coJ8e:KvoW8;dIoSBb:ZgGg9b;dLlj2:Qqt3Gf;daB6be:lMxGPd;dtl0hd:lLQWFe;eBAeSb:Ck63tb;eBZ5Nd:audvde;eHDfl:ofjVkb;eO3lse:nFClrf;fWLTFc:TVBJbf;g8nkx:U4MzKc;gaub4:TN6bMe;gtVSi:ekUOYd;h3MYod:cEt90b;hK67qb:QWEO5b;heHB1:sFczq;hjRo6e:F62sG;hsLsYc:Vl118;iFQyKf:QIhFr,vfuNJf;imqimf:jKGL2e;io8t5d:sgY6Zb;jY0zg:Q6tNgc;k2Qxcb:XY51pe;kCQyJ:ueyPK;kMFpHd:OTA3Ae;kbAm9d:MkHyGd;lkq0A:JyBE3e;nAFL3:NTMZac,s39S4;oGtAuc:sOXFj;oSUNyd:fTfGO,fTfGO;oUlnpc:RagDlc;okUaUd:wItadb;p2tIDb:tp1Cx;pKJiXd:VCenhc;pNsl2d:j9Yuyc;pXdRYb:JKoKVe;pj82le:mg5CW;qZx2Fc:j0xrE;qaS3gd:yiLg6e;qavrXe:zQzcXe;qddgKe:d7YSfd,x4FYXe;rQSrae:C6D5Fc;sP4Vbe:VwDzFe;sTsDMc:kHVSUb;tH4IIe:Ymry6;tosKvd:ZCqP3;trZL0b:qY8PFe;uY49fb:COQbmf;uuQkY:u2V3ud;vGrMZ:lPJJ0c;vfVwPd:lcrkwe;w3bZCb:ZPGaIb;w4rSdf:XKiZ9;w9w86d:dt4g2b;wQlYve:aLUfP;wR5FRb:TtcOte;wV5Pjc:L8KGxe;whEZac:F4AmNb;xBbsrc:NEW1Qc;yGxLoc:FmAr0c;yxTchf:KUM7Z;z97YGf:oug9te;zOsCQe:Ko78Df;zaIgPb:Qtpxbd/m=cdos,hsm,jsa,mb4ZUb,d,csi,cEt90b,SNUn3,qddgKe,sTsDMc,dtl0hd,eHDfl:408:286
_.fl@https://www.google.com/xjs/_/js/k=xjs.hd.en.zM-4b18KEZg.O/am=AAAAAAAAAAAAAAAAAAAAAAAAAAAAAAAgAAAAAEACKAAAoAAAAAIAAAAAgSEACAAEYBEAEgEBggCAAQAEAXgoEwAImAAAAEAAgBCAIAAABAAAAAUAAAAAAAAAAIABAgQAAAAAAAAAAAAAHQAAAgAAGIwgAAABAAAAyAMQHIBBCgIAAAAAAAAAAAAAAUwQzAUJCAiAAAAAAAAAAAAAAABSaaLCEA/d=1/ed=1/dg=2/rs=ACT90oGDagpf9EytGxhV0yU0_bkA52JelA/ee=ALeJib:B8gLwd;AfeaP:TkrAjf;Afksuc:wMx0R;BMxAGc:E5bFse;BgS6mb:fidj5d;BjwMce:cXX2Wb;CxXAWb:YyRLvc;DM55c:imLrKe;DULqB:RKfG5c;Dkk6ge:wJqrrd;DpcR3d:zL72xf;EABSZ:MXZt9d;ESrPQc:mNTJvc;EVNhjf:pw70Gc;EmZ2Bf:zr1jrb;EnlcNd:WeHg4;Erl4fe:FloWmf,FloWmf;F9mqte:UoRcbe;Fmv9Nc:O1Tzwc;G0KhTb:LIaoZ;G6wU6e:hezEbd;GleZL:J1A7Od;HMDDWe:G8QUdb;HqeXPd:cmbnH;IBADCc:RYquRb;IoGlCf:b5lhvb;IsdWVc:qzxzOb;JXS8fb:Qj0suc;JbMT3:M25sS;JsbNhc:Xd8iUd;KOxcK:OZqGte;KQzWid:ZMKkN;KcokUb:KiuZBf;KeeMUb:HiPxjc;KpRAue:Tia57b;LBgRLc:XVMNvd;LEikZe:byfTOb,lsjVmc;LsNahb:ucGLNb;Me32dd:MEeYgc;NPKaK:PVlQOd;NSEoX:lazG7b;Np8Qkd:Dpx6qc;Nyt6ic:jn2sGd;OgagBe:cNTe0;Oj465e:KG2eXe,KG2eXe;OohIYe:mpEAQb;Pjplud:EEDORb,PoEs9b;Q1Ow7b:x5CSu;QGR0gd:Mlhmy;R4IIIb:QWfeKf;R9Ulx:CR7Ufe;RDNBlf:zPRCJb;SLtqO:Kh1xYe;SMDL4c:fTfGO,fTfGO;SNUn3:ZwDk9d,x8cHvb;ShpF6e:N0pvGc;TxfV6d:YORN0b;U96pRd:FsR04;UDrY1c:eps46d;UVmjEd:EesRsb;UyG7Kb:wQd0G;V2HTTe:RolTY;VGRfx:VFqbr;VN6jIc:ddQyuf;VOcgDe:YquhTb;VsAqSb:PGf2Re;VxQ32b:k0XsBb;WCEKNd:I46Hvd;WDGyFe:jcVOxd;Wfmdue:g3MJlb;XUezZ:sa7lqb;YV5bee:IvPZ6d;YkQtAf:rx8ur;ZMvdv:PHFPjb;ZWEUA:afR4Cf;a56pNe:JEfCwb;aAJE9c:WHW6Ef;aZ61od:arTwJ;bFZ6gf:RsDQqe;bcPXSc:gSZLJb;cEt90b:ws9Tlc;cFTWae:gT8qnd;coJ8e:KvoW8;dIoSBb:ZgGg9b;dLlj2:Qqt3Gf;daB6be:lMxGPd;dtl0hd:lLQWFe;eBAeSb:Ck63tb;eBZ5Nd:audvde;eHDfl:ofjVkb;eO3lse:nFClrf;fWLTFc:TVBJbf;g8nkx:U4MzKc;gaub4:TN6bMe;gtVSi:ekUOYd;h3MYod:cEt90b;hK67qb:QWEO5b;heHB1:sFczq;hjRo6e:F62sG;hsLsYc:Vl118;iFQyKf:QIhFr,vfuNJf;imqimf:jKGL2e;io8t5d:sgY6Zb;jY0zg:Q6tNgc;k2Qxcb:XY51pe;kCQyJ:ueyPK;kMFpHd:OTA3Ae;kbAm9d:MkHyGd;lkq0A:JyBE3e;nAFL3:NTMZac,s39S4;oGtAuc:sOXFj;oSUNyd:fTfGO,fTfGO;oUlnpc:RagDlc;okUaUd:wItadb;p2tIDb:tp1Cx;pKJiXd:VCenhc;pNsl2d:j9Yuyc;pXdRYb:JKoKVe;pj82le:mg5CW;qZx2Fc:j0xrE;qaS3gd:yiLg6e;qavrXe:zQzcXe;qddgKe:d7YSfd,x4FYXe;rQSrae:C6D5Fc;sP4Vbe:VwDzFe;sTsDMc:kHVSUb;tH4IIe:Ymry6;tosKvd:ZCqP3;trZL0b:qY8PFe;uY49fb:COQbmf;uuQkY:u2V3ud;vGrMZ:lPJJ0c;vfVwPd:lcrkwe;w3bZCb:ZPGaIb;w4rSdf:XKiZ9;w9w86d:dt4g2b;wQlYve:aLUfP;wR5FRb:TtcOte;wV5Pjc:L8KGxe;whEZac:F4AmNb;xBbsrc:NEW1Qc;yGxLoc:FmAr0c;yxTchf:KUM7Z;z97YGf:oug9te;zOsCQe:Ko78Df;zaIgPb:Qtpxbd/m=cdos,hsm,jsa,mb4ZUb,d,csi,cEt90b,SNUn3,qddgKe,sTsDMc,dtl0hd,eHDfl:413:975
vwa@https://www.google.com/xjs/_/js/k=xjs.hd.en.zM-4b18KEZg.O/am=AAAAAAAAAAAAAAAAAAAAAAAAAAAAAAAgAAAAAEACKAAAoAAAAAIAAAAAgSEACAAEYBEAEgEBggCAAQAEAXgoEwAImAAAAEAAgBCAIAAABAAAAAUAAAAAAAAAAIABAgQAAAAAAAAAAAAAHQAAAgAAGIwgAAABAAAAyAMQHIBBCgIAAAAAAAAAAAAAAUwQzAUJCAiAAAAAAAAAAAAAAABSaaLCEA/d=1/ed=1/dg=2/rs=ACT90oGDagpf9EytGxhV0yU0_bkA52JelA/ee=ALeJib:B8gLwd;AfeaP:TkrAjf;Afksuc:wMx0R;BMxAGc:E5bFse;BgS6mb:fidj5d;BjwMce:cXX2Wb;CxXAWb:YyRLvc;DM55c:imLrKe;DULqB:RKfG5c;Dkk6ge:wJqrrd;DpcR3d:zL72xf;EABSZ:MXZt9d;ESrPQc:mNTJvc;EVNhjf:pw70Gc;EmZ2Bf:zr1jrb;EnlcNd:WeHg4;Erl4fe:FloWmf,FloWmf;F9mqte:UoRcbe;Fmv9Nc:O1Tzwc;G0KhTb:LIaoZ;G6wU6e:hezEbd;GleZL:J1A7Od;HMDDWe:G8QUdb;HqeXPd:cmbnH;IBADCc:RYquRb;IoGlCf:b5lhvb;IsdWVc:qzxzOb;JXS8fb:Qj0suc;JbMT3:M25sS;JsbNhc:Xd8iUd;KOxcK:OZqGte;KQzWid:ZMKkN;KcokUb:KiuZBf;KeeMUb:HiPxjc;KpRAue:Tia57b;LBgRLc:XVMNvd;LEikZe:byfTOb,lsjVmc;LsNahb:ucGLNb;Me32dd:MEeYgc;NPKaK:PVlQOd;NSEoX:lazG7b;Np8Qkd:Dpx6qc;Nyt6ic:jn2sGd;OgagBe:cNTe0;Oj465e:KG2eXe,KG2eXe;OohIYe:mpEAQb;Pjplud:EEDORb,PoEs9b;Q1Ow7b:x5CSu;QGR0gd:Mlhmy;R4IIIb:QWfeKf;R9Ulx:CR7Ufe;RDNBlf:zPRCJb;SLtqO:Kh1xYe;SMDL4c:fTfGO,fTfGO;SNUn3:ZwDk9d,x8cHvb;ShpF6e:N0pvGc;TxfV6d:YORN0b;U96pRd:FsR04;UDrY1c:eps46d;UVmjEd:EesRsb;UyG7Kb:wQd0G;V2HTTe:RolTY;VGRfx:VFqbr;VN6jIc:ddQyuf;VOcgDe:YquhTb;VsAqSb:PGf2Re;VxQ32b:k0XsBb;WCEKNd:I46Hvd;WDGyFe:jcVOxd;Wfmdue:g3MJlb;XUezZ:sa7lqb;YV5bee:IvPZ6d;YkQtAf:rx8ur;ZMvdv:PHFPjb;ZWEUA:afR4Cf;a56pNe:JEfCwb;aAJE9c:WHW6Ef;aZ61od:arTwJ;bFZ6gf:RsDQqe;bcPXSc:gSZLJb;cEt90b:ws9Tlc;cFTWae:gT8qnd;coJ8e:KvoW8;dIoSBb:ZgGg9b;dLlj2:Qqt3Gf;daB6be:lMxGPd;dtl0hd:lLQWFe;eBAeSb:Ck63tb;eBZ5Nd:audvde;eHDfl:ofjVkb;eO3lse:nFClrf;fWLTFc:TVBJbf;g8nkx:U4MzKc;gaub4:TN6bMe;gtVSi:ekUOYd;h3MYod:cEt90b;hK67qb:QWEO5b;heHB1:sFczq;hjRo6e:F62sG;hsLsYc:Vl118;iFQyKf:QIhFr,vfuNJf;imqimf:jKGL2e;io8t5d:sgY6Zb;jY0zg:Q6tNgc;k2Qxcb:XY51pe;kCQyJ:ueyPK;kMFpHd:OTA3Ae;kbAm9d:MkHyGd;lkq0A:JyBE3e;nAFL3:NTMZac,s39S4;oGtAuc:sOXFj;oSUNyd:fTfGO,fTfGO;oUlnpc:RagDlc;okUaUd:wItadb;p2tIDb:tp1Cx;pKJiXd:VCenhc;pNsl2d:j9Yuyc;pXdRYb:JKoKVe;pj82le:mg5CW;qZx2Fc:j0xrE;qaS3gd:yiLg6e;qavrXe:zQzcXe;qddgKe:d7YSfd,x4FYXe;rQSrae:C6D5Fc;sP4Vbe:VwDzFe;sTsDMc:kHVSUb;tH4IIe:Ymry6;tosKvd:ZCqP3;trZL0b:qY8PFe;uY49fb:COQbmf;uuQkY:u2V3ud;vGrMZ:lPJJ0c;vfVwPd:lcrkwe;w3bZCb:ZPGaIb;w4rSdf:XKiZ9;w9w86d:dt4g2b;wQlYve:aLUfP;wR5FRb:TtcOte;wV5Pjc:L8KGxe;whEZac:F4AmNb;xBbsrc:NEW1Qc;yGxLoc:FmAr0c;yxTchf:KUM7Z;z97YGf:oug9te;zOsCQe:Ko78Df;zaIgPb:Qtpxbd/m=cdos,hsm,jsa,mb4ZUb,d,csi,cEt90b,SNUn3,qddgKe,sTsDMc,dtl0hd,eHDfl:425:347
b@https://www.google.com/xjs/_/js/k=xjs.hd.en.zM-4b18KEZg.O/am=AAAAAAAAAAAAAAAAAAAAAAAAAAAAAAAgAAAAAEACKAAAoAAAAAIAAAAAgSEACAAEYBEAEgEBggCAAQAEAXgoEwAImAAAAEAAgBCAIAAABAAAAAUAAAAAAAAAAIABAgQAAAAAAAAAAAAAHQAAAgAAGIwgAAABAAAAyAMQHIBBCgIAAAAAAAAAAAAAAUwQzAUJCAiAAAAAAAAAAAAAAABSaaLCEA/d=1/ed=1/dg=2/rs=ACT90oGDagpf9EytGxhV0yU0_bkA52JelA/ee=ALeJib:B8gLwd;AfeaP:TkrAjf;Afksuc:wMx0R;BMxAGc:E5bFse;BgS6mb:fidj5d;BjwMce:cXX2Wb;CxXAWb:YyRLvc;DM55c:imLrKe;DULqB:RKfG5c;Dkk6ge:wJqrrd;DpcR3d:zL72xf;EABSZ:MXZt9d;ESrPQc:mNTJvc;EVNhjf:pw70Gc;EmZ2Bf:zr1jrb;EnlcNd:WeHg4;Erl4fe:FloWmf,FloWmf;F9mqte:UoRcbe;Fmv9Nc:O1Tzwc;G0KhTb:LIaoZ;G6wU6e:hezEbd;GleZL:J1A7Od;HMDDWe:G8QUdb;HqeXPd:cmbnH;IBADCc:RYquRb;IoGlCf:b5lhvb;IsdWVc:qzxzOb;JXS8fb:Qj0suc;JbMT3:M25sS;JsbNhc:Xd8iUd;KOxcK:OZqGte;KQzWid:ZMKkN;KcokUb:KiuZBf;KeeMUb:HiPxjc;KpRAue:Tia57b;LBgRLc:XVMNvd;LEikZe:byfTOb,lsjVmc;LsNahb:ucGLNb;Me32dd:MEeYgc;NPKaK:PVlQOd;NSEoX:lazG7b;Np8Qkd:Dpx6qc;Nyt6ic:jn2sGd;OgagBe:cNTe0;Oj465e:KG2eXe,KG2eXe;OohIYe:mpEAQb;Pjplud:EEDORb,PoEs9b;Q1Ow7b:x5CSu;QGR0gd:Mlhmy;R4IIIb:QWfeKf;R9Ulx:CR7Ufe;RDNBlf:zPRCJb;SLtqO:Kh1xYe;SMDL4c:fTfGO,fTfGO;SNUn3:ZwDk9d,x8cHvb;ShpF6e:N0pvGc;TxfV6d:YORN0b;U96pRd:FsR04;UDrY1c:eps46d;UVmjEd:EesRsb;UyG7Kb:wQd0G;V2HTTe:RolTY;VGRfx:VFqbr;VN6jIc:ddQyuf;VOcgDe:YquhTb;VsAqSb:PGf2Re;VxQ32b:k0XsBb;WCEKNd:I46Hvd;WDGyFe:jcVOxd;Wfmdue:g3MJlb;XUezZ:sa7lqb;YV5bee:IvPZ6d;YkQtAf:rx8ur;ZMvdv:PHFPjb;ZWEUA:afR4Cf;a56pNe:JEfCwb;aAJE9c:WHW6Ef;aZ61od:arTwJ;bFZ6gf:RsDQqe;bcPXSc:gSZLJb;cEt90b:ws9Tlc;cFTWae:gT8qnd;coJ8e:KvoW8;dIoSBb:ZgGg9b;dLlj2:Qqt3Gf;daB6be:lMxGPd;dtl0hd:lLQWFe;eBAeSb:Ck63tb;eBZ5Nd:audvde;eHDfl:ofjVkb;eO3lse:nFClrf;fWLTFc:TVBJbf;g8nkx:U4MzKc;gaub4:TN6bMe;gtVSi:ekUOYd;h3MYod:cEt90b;hK67qb:QWEO5b;heHB1:sFczq;hjRo6e:F62sG;hsLsYc:Vl118;iFQyKf:QIhFr,vfuNJf;imqimf:jKGL2e;io8t5d:sgY6Zb;jY0zg:Q6tNgc;k2Qxcb:XY51pe;kCQyJ:ueyPK;kMFpHd:OTA3Ae;kbAm9d:MkHyGd;lkq0A:JyBE3e;nAFL3:NTMZac,s39S4;oGtAuc:sOXFj;oSUNyd:fTfGO,fTfGO;oUlnpc:RagDlc;okUaUd:wItadb;p2tIDb:tp1Cx;pKJiXd:VCenhc;pNsl2d:j9Yuyc;pXdRYb:JKoKVe;pj82le:mg5CW;qZx2Fc:j0xrE;qaS3gd:yiLg6e;qavrXe:zQzcXe;qddgKe:d7YSfd,x4FYXe;rQSrae:C6D5Fc;sP4Vbe:VwDzFe;sTsDMc:kHVSUb;tH4IIe:Ymry6;tosKvd:ZCqP3;trZL0b:qY8PFe;uY49fb:COQbmf;uuQkY:u2V3ud;vGrMZ:lPJJ0c;vfVwPd:lcrkwe;w3bZCb:ZPGaIb;w4rSdf:XKiZ9;w9w86d:dt4g2b;wQlYve:aLUfP;wR5FRb:TtcOte;wV5Pjc:L8KGxe;whEZac:F4AmNb;xBbsrc:NEW1Qc;yGxLoc:FmAr0c;yxTchf:KUM7Z;z97YGf:oug9te;zOsCQe:Ko78Df;zaIgPb:Qtpxbd/m=cdos,hsm,jsa,mb4ZUb,d,csi,cEt90b,SNUn3,qddgKe,sTsDMc,dtl0hd,eHDfl:421:49

1712113470691	Marionette	INFO	Stopped listening on port 40737
1712113557390	geckodriver	INFO	Listening on 127.0.0.1:52839
1712113557946	mozrunner::runner	INFO	Running command: MOZ_CRASHREPORTER="1" MOZ_CRASHREPORTER_NO_REPORT="1" MOZ_CRASHREPORTER_SHUTDOWN="1" MOZ_NO_REMOTE="1" "/usr ... te" "--remote-debugging-port" "59387" "--remote-allow-hosts" "localhost" "-no-remote" "-profile" "/tmp/rust_mozprofile3wQEVs"
console.warn: services.settings: Ignoring preference override of remote settings server
console.warn: services.settings: Allow by setting MOZ_REMOTE_SETTINGS_DEVTOOLS=1 in the environment
1712113558779	Marionette	INFO	Marionette enabled
1712113558924	Marionette	INFO	Listening on port 41973
Read port: 41973
WebDriver BiDi listening on ws://127.0.0.1:59387
1712113559034	RemoteAgent	WARN	TLS certificate errors will be ignored for this session
console.error: ({})
DevTools listening on ws://127.0.0.1:59387/devtools/browser/519cfadc-6b04-4a5e-96cc-21548a9fba32
JavaScript error: https://tempo.cptec.inpe.br/js/app.js, line 25: Error: Module build failed: ModuleBuildError: Module build failed: Error: Node Sass does not yet support your current environment: Linux 64-bit with Unsupported runtime (93)
For more information on which environments are supported please see:
https://github.com/sass/node-sass/releases/tag/v4.5.3
    at module.exports (/dados/sites/tempo.cptec.inpe.br/eyaexohw/site/node_modules/node-sass/lib/binding.js:13:13)
    at Object.<anonymous> (/dados/sites/tempo.cptec.inpe.br/eyaexohw/site/node_modules/node-sass/lib/index.js:14:35)
    at Module._compile (node:internal/modules/cjs/loader:1101:14)
    at Object.Module._extensions..js (node:internal/modules/cjs/loader:1153:10)
    at Module.load (node:internal/modules/cjs/loader:981:32)
    at Function.Module._load (node:internal/modules/cjs/loader:822:12)
    at Module.require (node:internal/modules/cjs/loader:1005:19)
    at require (node:internal/modules/cjs/helpers:102:18)
    at Object.<anonymous> (/dados/sites/tempo.cptec.inpe.br/eyaexohw/site/node_modules/sass-loader/lib/loader.js:3:14)
    at Module._compile (node:internal/modules/cjs/loader:1101:14)
    at Object.Module._extensions..js (node:internal/modules/cjs/loader:1153:10)
    at Module.load (node:internal/modules/cjs/loader:981:32)
    at Function.Module._load (node:internal/modules/cjs/loader:822:12)
    at Module.require (node:internal/modules/cjs/loader:1005:19)
    at require (node:internal/modules/cjs/helpers:102:18)
    at loadLoader (/dados/sites/tempo.cptec.inpe.br/eyaexohw/site/node_modules/loader-runner/lib/loadLoader.js:13:17)
    at iteratePitchingLoaders (/dados/sites/tempo.cptec.inpe.br/eyaexohw/site/node_modules/loader-runner/lib/LoaderRunner.js:169:2)
    at iteratePitchingLoaders (/dados/sites/tempo.cptec.inpe.br/eyaexohw/site/node_modules/loader-runner/lib/LoaderRunner.js:165:10)
    at /dados/sites/tempo.cptec.inpe.br/eyaexohw/site/node_modules/loader-runner/lib/LoaderRunner.js:173:18
    at loadLoader (/dados/sites/tempo.cptec.inpe.br/eyaexohw/site/node_modules/loader-runner/lib/loadLoader.js:36:3)
    at iteratePitchingLoaders (/dados/sites/tempo.cptec.inpe.br/eyaexohw/site/node_modules/loader-runner/lib/LoaderRunner.js:169:2)
    at iteratePitchingLoaders (/dados/sites/tempo.cptec.inpe.br/eyaexohw/site/node_modules/loader-runner/lib/LoaderRunner.js:165:10)
    at /dados/sites/tempo.cptec.inpe.br/eyaexohw/site/node_modules/loader-runner/lib/LoaderRunner.js:173:18
    at loadLoader (/dados/sites/tempo.cptec.inpe.br/eyaexohw/site/node_modules/loader-runner/lib/loadLoader.js:36:3)
    at iteratePitchingLoaders (/dados/sites/tempo.cptec.inpe.br/eyaexohw/site/node_modules/loader-runner/lib/LoaderRunner.js:169:2)
    at runLoaders (/dados/sites/tempo.cptec.inpe.br/eyaexohw/site/node_modules/loader-runner/lib/LoaderRunner.js:362:2)
    at NormalModule.doBuild (/dados/sites/tempo.cptec.inpe.br/eyaexohw/site/node_modules/webpack/lib/NormalModule.js:179:3)
    at NormalModule.build (/dados/sites/tempo.cptec.inpe.br/eyaexohw/site/node_modules/webpack/lib/NormalModule.js:268:15)
    at Compilation.buildModule (/dados/sites/tempo.cptec.inpe.br/eyaexohw/site/node_modules/webpack/lib/Compilation.js:142:10)
    at /dados/sites/tempo.cptec.inpe.br/eyaexohw/site/node_modules/webpack/lib/Compilation.js:429:9
    at /dados/sites/tempo.cptec.inpe.br/eyaexohw/site/node_modules/webpack/lib/NormalModule.js:192:19
    at /dados/sites/tempo.cptec.inpe.br/eyaexohw/site/node_modules/loader-runner/lib/LoaderRunner.js:364:11
    at /dados/sites/tempo.cptec.inpe.br/eyaexohw/site/node_modules/loader-runner/lib/LoaderRunner.js:170:18
    at loadLoader (/dados/sites/tempo.cptec.inpe.br/eyaexohw/site/node_modules/loader-runner/lib/loadLoader.js:27:11)
    at iteratePitchingLoaders (/dados/sites/tempo.cptec.inpe.br/eyaexohw/site/node_modules/loader-runner/lib/LoaderRunner.js:169:2)
    at iteratePitchingLoaders (/dados/sites/tempo.cptec.inpe.br/eyaexohw/site/node_modules/loader-runner/lib/LoaderRunner.js:165:10)
    at /dados/sites/tempo.cptec.inpe.br/eyaexohw/site/node_modules/loader-runner/lib/LoaderRunner.js:173:18
    at loadLoader (/dados/sites/tempo.cptec.inpe.br/eyaexohw/site/node_modules/loader-runner/lib/loadLoader.js:36:3)
    at iteratePitchingLoaders (/dados/sites/tempo.cptec.inpe.br/eyaexohw/site/node_modules/loader-runner/lib/LoaderRunner.js:169:2)
    at iteratePitchingLoaders (/dados/sites/tempo.cptec.inpe.br/eyaexohw/site/node_modules/loader-runner/lib/LoaderRunner.js:165:10)
    at /dados/sites/tempo.cptec.inpe.br/eyaexohw/site/node_modules/loader-runner/lib/LoaderRunner.js:173:18
    at loadLoader (/dados/sites/tempo.cptec.inpe.br/eyaexohw/site/node_modules/loader-runner/lib/loadLoader.js:36:3)
    at iteratePitchingLoaders (/dados/sites/tempo.cptec.inpe.br/eyaexohw/site/node_modules/loader-runner/lib/LoaderRunner.js:169:2)
    at runLoaders (/dados/sites/tempo.cptec.inpe.br/eyaexohw/site/node_modules/loader-runner/lib/LoaderRunner.js:362:2)
    at NormalModule.doBuild (/dados/sites/tempo.cptec.inpe.br/eyaexohw/site/node_modules/webpack/lib/NormalModule.js:179:3)
    at NormalModule.build (/dados/sites/tempo.cptec.inpe.br/eyaexohw/site/node_modules/webpack/lib/NormalModule.js:268:15)
    at Compilation.buildModule (/dados/sites/tempo.cptec.inpe.br/eyaexohw/site/node_modules/webpack/lib/Compilation.js:142:10)
    at /dados/sites/tempo.cptec.inpe.br/eyaexohw/site/node_modules/webpack/lib/Compilation.js:429:9
    at /dados/sites/tempo.cptec.inpe.br/eyaexohw/site/node_modules/webpack/lib/NormalModuleFactory.js:251:4
    at /dados/sites/tempo.cptec.inpe.br/eyaexohw/site/node_modules/webpack/lib/NormalModuleFactory.js:93:13
    at /dados/sites/tempo.cptec.inpe.br/eyaexohw/site/node_modules/tapable/lib/Tapable.js:204:11
    at NormalModuleFactory.<anonymous> (/dados/sites/tempo.cptec.inpe.br/eyaexohw/site/node_modules/webpack/lib/CompatibilityPlugin.js:52:5)
    at NormalModuleFactory.applyPluginsAsyncWaterfall (/dados/sites/tempo.cptec.inpe.br/eyaexohw/site/node_modules/tapable/lib/Tapable.js:208:13)
    at onDoneResolving (/dados/sites/tempo.cptec.inpe.br/eyaexohw/site/node_modules/webpack/lib/NormalModuleFactory.js:68:11)
    at onDoneResolving (/dados/sites/tempo.cptec.inpe.br/eyaexohw/site/node_modules/webpack/lib/NormalModuleFactory.js:197:6)
    at processTicksAndRejections (node:internal/process/task_queues:78:11)
1712113563642	Marionette	WARN	Ignoring event 'pageshow' because document has an invalid readyState of 'uninitialized'.
JavaScript error: https://tempo.cptec.inpe.br/js/app.js, line 191: Error: Tooltip is transitioning
1712113588821	addons.xpi	ERROR	System addon update list error SyntaxError: XMLHttpRequest.open: 'http://%(server)s/dummy-system-addons.xml' is not a valid URL.
JavaScript warning: https://www.googletagmanager.com/gtag/js?id=G-J650QZP9FG&l=dataLayer&cx=c, line 174: Script terminated by timeout at:
l@https://www.googletagmanager.com/gtag/js?id=G-J650QZP9FG&l=dataLayer&cx=c:174:1328
gA@https://www.googletagmanager.com/gtag/js?id=G-J650QZP9FG&l=dataLayer&cx=c:522:134
hA/<@https://www.googletagmanager.com/gtag/js?id=G-J650QZP9FG&l=dataLayer&cx=c:522:111

1712114663918	Marionette	INFO	Stopped listening on port 41973
[50281] Sandbox: Unexpected EOF, op 0 flags 00 path /proc/cpuinfo
