ter 23 abr 2024 00:17:57 -03
Tue Apr 23 03:30:11 UTC 2024
Tue Apr 23 03:45:10 UTC 2024
Tue Apr 23 04:00:10 UTC 2024
Tue Apr 23 04:15:10 UTC 2024
Tue Apr 23 04:30:11 UTC 2024
Tue Apr 23 04:45:10 UTC 2024
Tue Apr 23 05:00:11 UTC 2024
Tue Apr 23 05:15:10 UTC 2024
Tue Apr 23 05:30:10 UTC 2024
Tue Apr 23 05:45:11 UTC 2024
Tue Apr 23 06:00:11 UTC 2024
Tue Apr 23 06:15:12 UTC 2024
Tue Apr 23 06:30:09 UTC 2024
Tue Apr 23 06:45:11 UTC 2024
Tue Apr 23 07:00:10 UTC 2024
Tue Apr 23 07:15:11 UTC 2024
Tue Apr 23 07:30:10 UTC 2024
Tue Apr 23 07:45:11 UTC 2024
Tue Apr 23 08:00:11 UTC 2024
Tue Apr 23 08:15:10 UTC 2024
Tue Apr 23 08:30:12 UTC 2024
Tue Apr 23 08:45:10 UTC 2024
Tue Apr 23 09:00:11 UTC 2024
Tue Apr 23 09:15:10 UTC 2024
Tue Apr 23 09:30:10 UTC 2024
Tue Apr 23 09:45:10 UTC 2024
Tue Apr 23 10:00:10 UTC 2024
Tue Apr 23 10:15:09 UTC 2024
Tue Apr 23 10:30:11 UTC 2024
Tue Apr 23 10:45:10 UTC 2024
Tue Apr 23 11:00:20 UTC 2024
Tue Apr 23 11:15:10 UTC 2024
Tue Apr 23 11:30:10 UTC 2024
Tue Apr 23 11:45:11 UTC 2024
Tue Apr 23 12:00:12 UTC 2024
Tue Apr 23 12:15:10 UTC 2024
Tue Apr 23 12:30:10 UTC 2024
Tue Apr 23 12:45:10 UTC 2024
Tue Apr 23 13:00:10 UTC 2024
Tue Apr 23 13:15:10 UTC 2024
Tue Apr 23 13:30:10 UTC 2024
Tue Apr 23 13:45:11 UTC 2024
Tue Apr 23 14:00:11 UTC 2024
Tue Apr 23 14:15:10 UTC 2024
Tue Apr 23 14:30:12 UTC 2024
Tue Apr 23 14:45:11 UTC 2024
Tue Apr 23 15:00:12 UTC 2024
Tue Apr 23 15:15:09 UTC 2024
Tue Apr 23 15:30:10 UTC 2024
Tue Apr 23 15:45:11 UTC 2024
Tue Apr 23 16:00:10 UTC 2024
Tue Apr 23 16:15:11 UTC 2024
Tue Apr 23 16:30:10 UTC 2024
Tue Apr 23 16:45:11 UTC 2024
Tue Apr 23 17:00:09 UTC 2024
Tue Apr 23 17:15:10 UTC 2024
Tue Apr 23 17:30:16 UTC 2024
Tue Apr 23 14:45:13 -03 2024
Tue Apr 23 15:00:13 -03 2024
Tue Apr 23 15:15:16 -03 2024
Tue Apr 23 15:30:11 -03 2024
Tue Apr 23 15:45:15 -03 2024
Tue Apr 23 16:00:12 -03 2024
Tue Apr 23 16:15:13 -03 2024
Tue Apr 23 16:30:11 -03 2024
Tue Apr 23 16:45:12 -03 2024
Tue Apr 23 17:00:12 -03 2024
Tue Apr 23 17:15:27 -03 2024
Tue Apr 23 17:30:21 -03 2024
Tue Apr 23 17:45:17 -03 2024
Tue Apr 23 18:00:45 -03 2024
Tue Apr 23 18:15:15 -03 2024
Tue Apr 23 18:30:12 -03 2024
Tue Apr 23 18:45:10 -03 2024
Wed Apr 24 13:15:17 -03 2024
Wed Apr 24 13:30:11 -03 2024
Wed Apr 24 13:45:11 -03 2024
Wed Apr 24 14:00:12 -03 2024
Wed Apr 24 14:15:11 -03 2024
Wed Apr 24 14:30:12 -03 2024
Wed Apr 24 14:45:10 -03 2024
Wed Apr 24 15:00:11 -03 2024
Wed Apr 24 15:15:12 -03 2024
Wed Apr 24 15:30:14 -03 2024
Fri Apr 26 15:45:05 -03 2024
Fri Apr 26 16:00:05 -03 2024
Fri Apr 26 16:15:05 -03 2024
Fri Apr 26 16:30:04 -03 2024
Fri Apr 26 16:45:05 -03 2024
Fri Apr 26 17:00:05 -03 2024
Fri Apr 26 17:15:29 -03 2024
Fri Apr 26 17:30:12 -03 2024
